<?xml version="1.0" encoding="UTF-8"?>
<!-- Generated by org.testng.reporters.JUnitXMLReporter -->
<testsuite ignored="0" hostname="DESKTOP-084COBF" failures="0" tests="15" name="Surefire test" time="75.081" errors="0" timestamp="2024-11-24T13:41:21 IST">
  <testcase classname="testsPack.LoginTest" name="verifyLoginUsingValidCredentials" time="1.092"/>
  <testcase classname="testsPack.LoginTest" name="verifyLoginUsingValidCredentials" time="1.08"/>
  <testcase classname="testsPack.LoginTest" name="verifyLoginUsingValidCredentials" time="1.133"/>
  <testcase classname="testsPack.LoginTest" name="verifyLoginUsingValidCredentials" time="0.984"/>
  <testcase classname="testsPack.LoginTest" name="invalidCrendentials" time="0.906"/>
  <testcase classname="testsPack.LoginTest" name="invalidEmail" time="0.892"/>
  <testcase classname="testsPack.LoginTest" name="invalidPassword" time="0.936"/>
  <testcase classname="testsPack.LoginTest" name="emptyCredentials" time="0.691"/>
  <testcase classname="testsPack.RegisterTest" name="verifyRegisteringaccountsUsingAllFields" time="2.083"/>
  <testcase classname="testsPack.RegisterTest" name="verifyRegisteredAccounts" time="2.074"/>
  <testcase classname="testsPack.RegisterTest" name="verifyRegistrationBySayingNewsletterNo" time="2.603"/>
  <testcase classname="testsPack.RegisterTest" name="verifyRegistrationBySayingNewsletterYes" time="2.964"/>
  <testcase classname="testsPack.SearchTest" name="verifySearchWithExistingProduct" time="0.672"/>
  <testcase classname="testsPack.SearchTest" name="verifySearchNonExistingProduct" time="0.503"/>
  <testcase classname="testsPack.SearchTest" name="verifySearchWithoutProduct" time="0.449"/>
</testsuite> <!-- Surefire test -->
