<?xml version="1.0" encoding="UTF-8"?>
<!-- Generated by org.testng.reporters.JUnitXMLReporter -->
<testsuite ignored="0" hostname="DESKTOP-084COBF" failures="0" tests="3" name="Default test" time="16.686" errors="0" timestamp="24 Nov 2024 06:14:02 GMT">
  <testcase classname="testsPack.Search" name="verifySearchWithExistingProduct" time="1.016"/>
  <testcase classname="testsPack.Search" name="verifySearchNonExistingProduct" time="0.745"/>
  <testcase classname="testsPack.Search" name="verifySearchWithoutProduct" time="0.714"/>
</testsuite> <!-- Default test -->
