<?xml version="1.0" encoding="UTF-8"?>
<!-- Generated by org.testng.reporters.JUnitXMLReporter -->
<testsuite ignored="0" hostname="DESKTOP-084COBF" failures="0" tests="15" name="Test" time="77.918" errors="0" timestamp="24 Nov 2024 08:19:02 GMT">
  <testcase classname="testsPack.SearchTest" name="verifySearchWithExistingProduct" time="0.781"/>
  <testcase classname="testsPack.RegisterTest" name="verifyRegisteringaccountsUsingAllFields" time="2.119"/>
  <testcase classname="testsPack.LoginTest" name="verifyLoginUsingValidCredentials" time="1.175"/>
  <testcase classname="testsPack.LoginTest" name="verifyLoginUsingValidCredentials" time="1.146"/>
  <testcase classname="testsPack.LoginTest" name="verifyLoginUsingValidCredentials" time="1.27"/>
  <testcase classname="testsPack.LoginTest" name="verifyLoginUsingValidCredentials" time="1.235"/>
  <testcase classname="testsPack.SearchTest" name="verifySearchNonExistingProduct" time="0.541"/>
  <testcase classname="testsPack.RegisterTest" name="verifyRegisteredAccounts" time="2.195"/>
  <testcase classname="testsPack.LoginTest" name="invalidCrendentials" time="0.97"/>
  <testcase classname="testsPack.SearchTest" name="verifySearchWithoutProduct" time="0.442"/>
  <testcase classname="testsPack.RegisterTest" name="verifyRegistrationBySayingNewsletterNo" time="2.819"/>
  <testcase classname="testsPack.LoginTest" name="invalidEmail" time="0.966"/>
  <testcase classname="testsPack.RegisterTest" name="verifyRegistrationBySayingNewsletterYes" time="3.123"/>
  <testcase classname="testsPack.LoginTest" name="invalidPassword" time="0.967"/>
  <testcase classname="testsPack.LoginTest" name="emptyCredentials" time="0.648"/>
</testsuite> <!-- Test -->
