<?xml version="1.0" encoding="UTF-8"?>
<!-- Generated by org.testng.reporters.JUnitXMLReporter -->
<testsuite ignored="0" hostname="DESKTOP-084COBF" failures="0" tests="15" name="Test" time="102.075" errors="0" timestamp="2024-11-25T12:10:22 IST">
  <testcase classname="testsPack.SearchTest" name="verifySearchWithExistingProduct" time="1.741"/>
  <testcase classname="testsPack.SearchTest" name="verifySearchNonExistingProduct" time="0.639"/>
  <testcase classname="testsPack.SearchTest" name="verifySearchWithoutProduct" time="0.64"/>
  <testcase classname="testsPack.RegisterTest" name="verifyRegisteringaccountsUsingAllFields" time="4.672"/>
  <testcase classname="testsPack.RegisterTest" name="verifyRegisteredAccounts" time="2.484"/>
  <testcase classname="testsPack.RegisterTest" name="verifyRegistrationBySayingNewsletterNo" time="3.33"/>
  <testcase classname="testsPack.RegisterTest" name="verifyRegistrationBySayingNewsletterYes" time="3.099"/>
  <testcase classname="testsPack.LoginTest" name="verifyLoginUsingValidCredentials" time="1.353"/>
  <testcase classname="testsPack.LoginTest" name="verifyLoginUsingValidCredentials" time="1.381"/>
  <testcase classname="testsPack.LoginTest" name="verifyLoginUsingValidCredentials" time="1.389"/>
  <testcase classname="testsPack.LoginTest" name="verifyLoginUsingValidCredentials" time="1.436"/>
  <testcase classname="testsPack.LoginTest" name="invalidCrendentials" time="1.941"/>
  <testcase classname="testsPack.LoginTest" name="invalidEmail" time="1.285"/>
  <testcase classname="testsPack.LoginTest" name="invalidPassword" time="1.102"/>
  <testcase classname="testsPack.LoginTest" name="emptyCredentials" time="0.77"/>
</testsuite> <!-- Test -->
