<?xml version="1.0" encoding="UTF-8"?>
<testsuite xmlns:xsi="http://www.w3.org/2001/XMLSchema-instance" xsi:noNamespaceSchemaLocation="https://maven.apache.org/surefire/maven-surefire-plugin/xsd/surefire-test-report.xsd" version="3.0.1" name="TestSuite" time="104.689" tests="15" errors="0" skipped="0" failures="0">
  <properties>
[...]
</properties>
  <testcase name="verifySearchWithExistingProduct" classname="testsPack.SearchTest" time="1.746">
    <system-err><![CDATA[SLF4J: Failed to load class "org.slf4j.impl.StaticLoggerBinder".
SLF4J: Defaulting to no-operation (NOP) logger implementation
SLF4J: See http://www.slf4j.org/codes.html#StaticLoggerBinder for further details.
Nov 25, 2024 12:08:43 PM org.openqa.selenium.devtools.CdpVersionFinder findNearestMatch
WARNING: Unable to find an exact match for CDP version 131, returning the closest version; found: 130; Please update to a Selenium version that supports CDP version 131
]]></system-err>
  </testcase>
  <testcase name="verifySearchNonExistingProduct" classname="testsPack.SearchTest" time="0.641">
    <system-err><![CDATA[Nov 25, 2024 12:08:48 PM org.openqa.selenium.devtools.CdpVersionFinder findNearestMatch
WARNING: Unable to find an exact match for CDP version 131, returning the closest version; found: 130; Please update to a Selenium version that supports CDP version 131
]]></system-err>
  </testcase>
  <testcase name="verifySearchWithoutProduct" classname="testsPack.SearchTest" time="0.64">
    <system-err><![CDATA[Nov 25, 2024 12:08:52 PM org.openqa.selenium.devtools.CdpVersionFinder findNearestMatch
WARNING: Unable to find an exact match for CDP version 131, returning the closest version; found: 130; Please update to a Selenium version that supports CDP version 131
]]></system-err>
  </testcase>
  <testcase name="verifyRegisteringaccountsUsingAllFields" classname="testsPack.RegisterTest" time="4.667">
    <system-out><![CDATA[Mon Nov 25 12:09:00 IST 2024
]]></system-out>
    <system-err><![CDATA[Nov 25, 2024 12:08:57 PM org.openqa.selenium.devtools.CdpVersionFinder findNearestMatch
WARNING: Unable to find an exact match for CDP version 131, returning the closest version; found: 130; Please update to a Selenium version that supports CDP version 131
]]></system-err>
  </testcase>
  <testcase name="verifyRegisteredAccounts" classname="testsPack.RegisterTest" time="2.483">
    <system-out><![CDATA[Mon Nov 25 12:09:10 IST 2024
]]></system-out>
    <system-err><![CDATA[Nov 25, 2024 12:09:06 PM org.openqa.selenium.devtools.CdpVersionFinder findNearestMatch
WARNING: Unable to find an exact match for CDP version 131, returning the closest version; found: 130; Please update to a Selenium version that supports CDP version 131
]]></system-err>
  </testcase>
  <testcase name="verifyRegistrationBySayingNewsletterNo" classname="testsPack.RegisterTest" time="3.33">
    <system-out><![CDATA[Mon Nov 25 12:09:20 IST 2024
]]></system-out>
    <system-err><![CDATA[Nov 25, 2024 12:09:14 PM org.openqa.selenium.devtools.CdpVersionFinder findNearestMatch
WARNING: Unable to find an exact match for CDP version 131, returning the closest version; found: 130; Please update to a Selenium version that supports CDP version 131
]]></system-err>
  </testcase>
  <testcase name="verifyRegistrationBySayingNewsletterYes" classname="testsPack.RegisterTest" time="3.1">
    <system-out><![CDATA[Mon Nov 25 12:09:28 IST 2024
]]></system-out>
    <system-err><![CDATA[Nov 25, 2024 12:09:24 PM org.openqa.selenium.devtools.CdpVersionFinder findNearestMatch
WARNING: Unable to find an exact match for CDP version 131, returning the closest version; found: 130; Please update to a Selenium version that supports CDP version 131
]]></system-err>
  </testcase>
  <testcase name="verifyLoginUsingValidCredentials[{UserName=amotooribatch1@gmail.com, Password=abcde}](1)" classname="testsPack.LoginTest" time="1.353">
    <system-err><![CDATA[Nov 25, 2024 12:09:34 PM org.openqa.selenium.devtools.CdpVersionFinder findNearestMatch
WARNING: Unable to find an exact match for CDP version 131, returning the closest version; found: 130; Please update to a Selenium version that supports CDP version 131
]]></system-err>
  </testcase>
  <testcase name="verifyLoginUsingValidCredentials[{UserName=amotooribatch11@gmail.com, Password=fghij}](2)" classname="testsPack.LoginTest" time="1.377">
    <system-err><![CDATA[Nov 25, 2024 12:09:39 PM org.openqa.selenium.devtools.CdpVersionFinder findNearestMatch
WARNING: Unable to find an exact match for CDP version 131, returning the closest version; found: 130; Please update to a Selenium version that supports CDP version 131
]]></system-err>
  </testcase>
  <testcase name="verifyLoginUsingValidCredentials[{UserName=amotooribatch111@gmail.com, Password=klmno}](3)" classname="testsPack.LoginTest" time="1.389">
    <system-err><![CDATA[Nov 25, 2024 12:09:47 PM org.openqa.selenium.devtools.CdpVersionFinder findNearestMatch
WARNING: Unable to find an exact match for CDP version 131, returning the closest version; found: 130; Please update to a Selenium version that supports CDP version 131
]]></system-err>
  </testcase>
  <testcase name="verifyLoginUsingValidCredentials[{UserName=nkatam58@gmail.com, Password=abcde}](4)" classname="testsPack.LoginTest" time="1.436">
    <system-err><![CDATA[Nov 25, 2024 12:09:54 PM org.openqa.selenium.devtools.CdpVersionFinder findNearestMatch
WARNING: Unable to find an exact match for CDP version 131, returning the closest version; found: 130; Please update to a Selenium version that supports CDP version 131
]]></system-err>
  </testcase>
  <testcase name="invalidCrendentials" classname="testsPack.LoginTest" time="1.943">
    <system-out><![CDATA[Mon Nov 25 12:10:02 IST 2024
]]></system-out>
    <system-err><![CDATA[Nov 25, 2024 12:09:59 PM org.openqa.selenium.devtools.CdpVersionFinder findNearestMatch
WARNING: Unable to find an exact match for CDP version 131, returning the closest version; found: 130; Please update to a Selenium version that supports CDP version 131
]]></system-err>
  </testcase>
  <testcase name="invalidEmail" classname="testsPack.LoginTest" time="1.279">
    <system-out><![CDATA[Mon Nov 25 12:10:08 IST 2024
]]></system-out>
    <system-err><![CDATA[Nov 25, 2024 12:10:06 PM org.openqa.selenium.devtools.CdpVersionFinder findNearestMatch
WARNING: Unable to find an exact match for CDP version 131, returning the closest version; found: 130; Please update to a Selenium version that supports CDP version 131
]]></system-err>
  </testcase>
  <testcase name="invalidPassword" classname="testsPack.LoginTest" time="1.098">
    <system-out><![CDATA[Mon Nov 25 12:10:14 IST 2024
]]></system-out>
    <system-err><![CDATA[Nov 25, 2024 12:10:11 PM org.openqa.selenium.devtools.CdpVersionFinder findNearestMatch
WARNING: Unable to find an exact match for CDP version 131, returning the closest version; found: 130; Please update to a Selenium version that supports CDP version 131
]]></system-err>
  </testcase>
  <testcase name="emptyCredentials" classname="testsPack.LoginTest" time="0.769">
    <system-err><![CDATA[Nov 25, 2024 12:10:17 PM org.openqa.selenium.devtools.CdpVersionFinder findNearestMatch
WARNING: Unable to find an exact match for CDP version 131, returning the closest version; found: 130; Please update to a Selenium version that supports CDP version 131
]]></system-err>
  </testcase>
</testsuite>